Oct 24 11:57:33: ocsigen:access: connection for localhost from ::1 (Mozilla/5.0 (Macintosh; Intel Mac OS X 10.15; rv:69.0) Gecko/20100101 Firefox/69.0): 
Oct 24 11:57:33: ocsigen:access: connection for localhost from ::1 (Mozilla/5.0 (Macintosh; Intel Mac OS X 10.15; rv:69.0) Gecko/20100101 Firefox/69.0): cytoscape-popper/cytoscape-popper.js
Oct 24 11:57:33: ocsigen:access: connection for localhost from ::1 (Mozilla/5.0 (Macintosh; Intel Mac OS X 10.15; rv:69.0) Gecko/20100101 Firefox/69.0): cytoscape-edgehandles/cytoscape-edgehandles.js
Oct 24 11:57:33: ocsigen:access: connection for localhost from ::1 (Mozilla/5.0 (Macintosh; Intel Mac OS X 10.15; rv:69.0) Gecko/20100101 Firefox/69.0): code8.js
Oct 24 11:57:33: ocsigen:access: connection for localhost from ::1 (Mozilla/5.0 (Macintosh; Intel Mac OS X 10.15; rv:69.0) Gecko/20100101 Firefox/69.0): oflat.js
Oct 24 11:57:34: ocsigen:access: connection for localhost from ::1 (Mozilla/5.0 (Macintosh; Intel Mac OS X 10.15; rv:69.0) Gecko/20100101 Firefox/69.0): cytoscape-popper/cytoscape-popper.js
Oct 24 11:57:34: ocsigen:access: connection for localhost from ::1 (Mozilla/5.0 (Macintosh; Intel Mac OS X 10.15; rv:69.0) Gecko/20100101 Firefox/69.0): cytoscape-edgehandles/cytoscape-edgehandles.js
Oct 24 11:57:34: ocsigen:access: connection for localhost from ::1 (Mozilla/5.0 (Macintosh; Intel Mac OS X 10.15; rv:69.0) Gecko/20100101 Firefox/69.0): code8.js
Oct 24 11:58:38: ocsigen:access: connection for localhost from ::1 (Mozilla/5.0 (Macintosh; Intel Mac OS X 10.15; rv:69.0) Gecko/20100101 Firefox/69.0): 
Oct 24 11:58:39: ocsigen:access: connection for localhost from ::1 (Mozilla/5.0 (Macintosh; Intel Mac OS X 10.15; rv:69.0) Gecko/20100101 Firefox/69.0): cytoscape-popper/cytoscape-popper.js
Oct 24 11:58:39: ocsigen:access: connection for localhost from ::1 (Mozilla/5.0 (Macintosh; Intel Mac OS X 10.15; rv:69.0) Gecko/20100101 Firefox/69.0): cytoscape-edgehandles/cytoscape-edgehandles.js
Oct 24 11:58:39: ocsigen:access: connection for localhost from ::1 (Mozilla/5.0 (Macintosh; Intel Mac OS X 10.15; rv:69.0) Gecko/20100101 Firefox/69.0): code8.js
Oct 24 11:58:39: ocsigen:access: connection for localhost from ::1 (Mozilla/5.0 (Macintosh; Intel Mac OS X 10.15; rv:69.0) Gecko/20100101 Firefox/69.0): oflat.js
Oct 24 11:58:39: ocsigen:access: connection for localhost from ::1 (Mozilla/5.0 (Macintosh; Intel Mac OS X 10.15; rv:69.0) Gecko/20100101 Firefox/69.0): cytoscape-popper/cytoscape-popper.js
Oct 24 11:58:39: ocsigen:access: connection for localhost from ::1 (Mozilla/5.0 (Macintosh; Intel Mac OS X 10.15; rv:69.0) Gecko/20100101 Firefox/69.0): cytoscape-edgehandles/cytoscape-edgehandles.js
Oct 24 11:58:39: ocsigen:access: connection for localhost from ::1 (Mozilla/5.0 (Macintosh; Intel Mac OS X 10.15; rv:69.0) Gecko/20100101 Firefox/69.0): code8.js
Oct 24 11:59:18: ocsigen:access: connection for localhost from ::1 (Mozilla/5.0 (Macintosh; Intel Mac OS X 10.15; rv:69.0) Gecko/20100101 Firefox/69.0): 
Oct 24 11:59:18: ocsigen:access: connection for localhost from ::1 (Mozilla/5.0 (Macintosh; Intel Mac OS X 10.15; rv:69.0) Gecko/20100101 Firefox/69.0): cytoscape-popper/cytoscape-popper.js
Oct 24 11:59:18: ocsigen:access: connection for localhost from ::1 (Mozilla/5.0 (Macintosh; Intel Mac OS X 10.15; rv:69.0) Gecko/20100101 Firefox/69.0): cytoscape-edgehandles/cytoscape-edgehandles.js
Oct 24 11:59:18: ocsigen:access: connection for localhost from ::1 (Mozilla/5.0 (Macintosh; Intel Mac OS X 10.15; rv:69.0) Gecko/20100101 Firefox/69.0): codecss2.css
Oct 24 11:59:18: ocsigen:access: connection for localhost from ::1 (Mozilla/5.0 (Macintosh; Intel Mac OS X 10.15; rv:69.0) Gecko/20100101 Firefox/69.0): painting.js
Oct 24 11:59:18: ocsigen:access: connection for localhost from ::1 (Mozilla/5.0 (Macintosh; Intel Mac OS X 10.15; rv:69.0) Gecko/20100101 Firefox/69.0): oflat.js
Oct 24 11:59:19: ocsigen:access: connection for localhost from ::1 (Mozilla/5.0 (Macintosh; Intel Mac OS X 10.15; rv:69.0) Gecko/20100101 Firefox/69.0): cytoscape-popper/cytoscape-popper.js
Oct 24 11:59:19: ocsigen:access: connection for localhost from ::1 (Mozilla/5.0 (Macintosh; Intel Mac OS X 10.15; rv:69.0) Gecko/20100101 Firefox/69.0): cytoscape-edgehandles/cytoscape-edgehandles.js
Oct 24 12:02:10: ocsigen:access: connection for localhost from ::1 (Mozilla/5.0 (Macintosh; Intel Mac OS X 10.15; rv:69.0) Gecko/20100101 Firefox/69.0): 
Oct 24 12:02:11: ocsigen:access: connection for localhost from ::1 (Mozilla/5.0 (Macintosh; Intel Mac OS X 10.15; rv:69.0) Gecko/20100101 Firefox/69.0): painting.js
Oct 24 12:02:11: ocsigen:access: connection for localhost from ::1 (Mozilla/5.0 (Macintosh; Intel Mac OS X 10.15; rv:69.0) Gecko/20100101 Firefox/69.0): oflat.js
Oct 24 12:10:17: ocsigen:access: connection for localhost from ::1 (Mozilla/5.0 (Macintosh; Intel Mac OS X 10.15; rv:69.0) Gecko/20100101 Firefox/69.0): 
Oct 24 12:10:17: ocsigen:access: connection for localhost from ::1 (Mozilla/5.0 (Macintosh; Intel Mac OS X 10.15; rv:69.0) Gecko/20100101 Firefox/69.0): oflat.js
Oct 24 12:10:17: ocsigen:access: connection for localhost from ::1 (Mozilla/5.0 (Macintosh; Intel Mac OS X 10.15; rv:69.0) Gecko/20100101 Firefox/69.0): painting.js
Oct 24 12:10:53: ocsigen:access: connection for localhost from ::1 (Mozilla/5.0 (Macintosh; Intel Mac OS X 10.15; rv:69.0) Gecko/20100101 Firefox/69.0): 
Oct 24 12:10:53: ocsigen:access: connection for localhost from ::1 (Mozilla/5.0 (Macintosh; Intel Mac OS X 10.15; rv:69.0) Gecko/20100101 Firefox/69.0): painting.js
Oct 24 12:11:43: ocsigen:access: connection for localhost from ::1 (Mozilla/5.0 (Macintosh; Intel Mac OS X 10.15; rv:69.0) Gecko/20100101 Firefox/69.0): 
Oct 24 12:11:43: ocsigen:access: connection for localhost from ::1 (Mozilla/5.0 (Macintosh; Intel Mac OS X 10.15; rv:69.0) Gecko/20100101 Firefox/69.0): painting.js
Oct 24 12:11:43: ocsigen:access: connection for localhost from ::1 (Mozilla/5.0 (Macintosh; Intel Mac OS X 10.15; rv:69.0) Gecko/20100101 Firefox/69.0): oflat.js
Oct 24 12:12:20: ocsigen:access: connection for localhost from ::1 (Mozilla/5.0 (Macintosh; Intel Mac OS X 10.15; rv:69.0) Gecko/20100101 Firefox/69.0): 
Oct 24 12:12:20: ocsigen:access: connection for localhost from ::1 (Mozilla/5.0 (Macintosh; Intel Mac OS X 10.15; rv:69.0) Gecko/20100101 Firefox/69.0): painting.js
Oct 24 12:18:12: ocsigen:access: connection for localhost from ::1 (Mozilla/5.0 (Macintosh; Intel Mac OS X 10.15; rv:69.0) Gecko/20100101 Firefox/69.0): 
Oct 24 12:18:12: ocsigen:access: connection for localhost from ::1 (Mozilla/5.0 (Macintosh; Intel Mac OS X 10.15; rv:69.0) Gecko/20100101 Firefox/69.0): painting.js
Oct 24 12:18:12: ocsigen:access: connection for localhost from ::1 (Mozilla/5.0 (Macintosh; Intel Mac OS X 10.15; rv:69.0) Gecko/20100101 Firefox/69.0): oflat.js
Oct 24 14:36:37: ocsigen:access: connection for localhost from ::1 (Mozilla/5.0 (Macintosh; Intel Mac OS X 10.15; rv:69.0) Gecko/20100101 Firefox/69.0): 
Oct 24 14:36:37: ocsigen:access: connection for localhost from ::1 (Mozilla/5.0 (Macintosh; Intel Mac OS X 10.15; rv:69.0) Gecko/20100101 Firefox/69.0): painting.js
Oct 24 14:36:37: ocsigen:access: connection for localhost from ::1 (Mozilla/5.0 (Macintosh; Intel Mac OS X 10.15; rv:69.0) Gecko/20100101 Firefox/69.0): oflat.js
Nov 20 15:27:22: ocsigen:access: connection for localhost from ::1 (Mozilla/5.0 (Macintosh; Intel Mac OS X 10.15; rv:70.0) Gecko/20100101 Firefox/70.0): 
Nov 20 15:27:22: ocsigen:access: connection for localhost from ::1 (Mozilla/5.0 (Macintosh; Intel Mac OS X 10.15; rv:70.0) Gecko/20100101 Firefox/70.0): codecss5.css
Nov 20 15:27:22: ocsigen:access: connection for localhost from ::1 (Mozilla/5.0 (Macintosh; Intel Mac OS X 10.15; rv:70.0) Gecko/20100101 Firefox/70.0): oflat.js
Nov 20 15:27:31: ocsigen:access: connection for localhost from ::1 (Mozilla/5.0 (Macintosh; Intel Mac OS X 10.15; rv:70.0) Gecko/20100101 Firefox/70.0): favicon.ico
Nov 20 15:30:19: ocsigen:access: connection for localhost from ::1 (Mozilla/5.0 (Macintosh; Intel Mac OS X 10.15; rv:70.0) Gecko/20100101 Firefox/70.0): 
