Oct 24 11:57:28: ocsigen:ocsipersist:dbm: Initializing ...
Oct 24 11:57:29: ocsigen:ocsipersist:dbm: Launching a new Ocsidbm process: /Users/rita/.opam/4.07.1/lib/ocsigenserver/extensions/ocsidbm on directory local/var/data/oflat/ocsipersist.
Oct 24 11:57:29: ocsigen:ocsipersist:dbm: ...Initialization complete
Oct 24 11:57:29: ocsigen:config: While parsing config file, tag <host>: No defaulthostname, assuming it is "10-22-206-246.ed2.openfct.fct.unl.pt"
Oct 24 11:58:33: ocsigen:ocsipersist:dbm: Initializing ...
Oct 24 11:58:35: ocsigen:ocsipersist:dbm: Launching a new Ocsidbm process: /Users/rita/.opam/4.07.1/lib/ocsigenserver/extensions/ocsidbm on directory local/var/data/oflat/ocsipersist.
Oct 24 11:58:35: ocsigen:ocsipersist:dbm: ...Initialization complete
Oct 24 11:58:35: ocsigen:config: While parsing config file, tag <host>: No defaulthostname, assuming it is "10-22-206-246.ed2.openfct.fct.unl.pt"
Oct 24 11:59:17: ocsigen:ocsipersist:dbm: Initializing ...
Oct 24 11:59:18: ocsigen:ocsipersist:dbm: Launching a new Ocsidbm process: /Users/rita/.opam/4.07.1/lib/ocsigenserver/extensions/ocsidbm on directory local/var/data/oflat/ocsipersist.
Oct 24 11:59:18: ocsigen:ocsipersist:dbm: ...Initialization complete
Oct 24 11:59:18: ocsigen:config: While parsing config file, tag <host>: No defaulthostname, assuming it is "10-22-206-246.ed2.openfct.fct.unl.pt"
Oct 24 12:02:03: ocsigen:ocsipersist:dbm: Initializing ...
Oct 24 12:02:04: ocsigen:ocsipersist:dbm: Launching a new Ocsidbm process: /Users/rita/.opam/4.07.1/lib/ocsigenserver/extensions/ocsidbm on directory local/var/data/oflat/ocsipersist.
Oct 24 12:02:04: ocsigen:ocsipersist:dbm: ...Initialization complete
Oct 24 12:02:04: ocsigen:config: While parsing config file, tag <host>: No defaulthostname, assuming it is "10-22-206-246.ed2.openfct.fct.unl.pt"
Oct 24 12:10:14: ocsigen:ocsipersist:dbm: Initializing ...
Oct 24 12:10:15: ocsigen:ocsipersist:dbm: Launching a new Ocsidbm process: /Users/rita/.opam/4.07.1/lib/ocsigenserver/extensions/ocsidbm on directory local/var/data/oflat/ocsipersist.
Oct 24 12:10:15: ocsigen:ocsipersist:dbm: ...Initialization complete
Oct 24 12:10:15: ocsigen:config: While parsing config file, tag <host>: No defaulthostname, assuming it is "10-22-206-246.ed2.openfct.fct.unl.pt"
Oct 24 12:10:50: ocsigen:ocsipersist:dbm: Initializing ...
Oct 24 12:10:51: ocsigen:ocsipersist:dbm: Launching a new Ocsidbm process: /Users/rita/.opam/4.07.1/lib/ocsigenserver/extensions/ocsidbm on directory local/var/data/oflat/ocsipersist.
Oct 24 12:10:51: ocsigen:ocsipersist:dbm: ...Initialization complete
Oct 24 12:10:51: ocsigen:config: While parsing config file, tag <host>: No defaulthostname, assuming it is "10-22-206-246.ed2.openfct.fct.unl.pt"
Oct 24 12:11:40: ocsigen:ocsipersist:dbm: Initializing ...
Oct 24 12:11:42: ocsigen:ocsipersist:dbm: Launching a new Ocsidbm process: /Users/rita/.opam/4.07.1/lib/ocsigenserver/extensions/ocsidbm on directory local/var/data/oflat/ocsipersist.
Oct 24 12:11:42: ocsigen:ocsipersist:dbm: ...Initialization complete
Oct 24 12:11:42: ocsigen:config: While parsing config file, tag <host>: No defaulthostname, assuming it is "10-22-206-246.ed2.openfct.fct.unl.pt"
Oct 24 12:12:16: ocsigen:ocsipersist:dbm: Initializing ...
Oct 24 12:12:18: ocsigen:ocsipersist:dbm: Launching a new Ocsidbm process: /Users/rita/.opam/4.07.1/lib/ocsigenserver/extensions/ocsidbm on directory local/var/data/oflat/ocsipersist.
Oct 24 12:12:18: ocsigen:ocsipersist:dbm: ...Initialization complete
Oct 24 12:12:18: ocsigen:config: While parsing config file, tag <host>: No defaulthostname, assuming it is "10-22-206-246.ed2.openfct.fct.unl.pt"
Oct 24 12:18:08: ocsigen:ocsipersist:dbm: Initializing ...
Oct 24 12:18:10: ocsigen:ocsipersist:dbm: Launching a new Ocsidbm process: /Users/rita/.opam/4.07.1/lib/ocsigenserver/extensions/ocsidbm on directory local/var/data/oflat/ocsipersist.
Oct 24 12:18:10: ocsigen:ocsipersist:dbm: ...Initialization complete
Oct 24 12:18:10: ocsigen:config: While parsing config file, tag <host>: No defaulthostname, assuming it is "10-22-206-246.ed2.openfct.fct.unl.pt"
Oct 24 14:36:28: ocsigen:ocsipersist:dbm: Initializing ...
Oct 24 14:36:29: ocsigen:ocsipersist:dbm: Launching a new Ocsidbm process: /Users/rita/.opam/4.07.1/lib/ocsigenserver/extensions/ocsidbm on directory local/var/data/oflat/ocsipersist.
Oct 24 14:36:29: ocsigen:ocsipersist:dbm: ...Initialization complete
Oct 24 14:36:29: ocsigen:config: While parsing config file, tag <host>: No defaulthostname, assuming it is "10-22-206-246.ed2.openfct.fct.unl.pt"
Nov 20 15:27:18: ocsigen:ocsipersist:dbm: Initializing ...
Nov 20 15:27:20: ocsigen:ocsipersist:dbm: Launching a new Ocsidbm process: /Users/rita/.opam/4.07.1/lib/ocsigenserver/extensions/ocsidbm on directory local/var/data/oflat/ocsipersist.
Nov 20 15:27:20: ocsigen:ocsipersist:dbm: ...Initialization complete
Nov 20 15:27:20: ocsigen:config: While parsing config file, tag <host>: No defaulthostname, assuming it is "mbp-de-rita.lan"
Nov 20 15:30:15: ocsigen:ocsipersist:dbm: Initializing ...
Nov 20 15:30:17: ocsigen:ocsipersist:dbm: Launching a new Ocsidbm process: /Users/rita/.opam/4.07.1/lib/ocsigenserver/extensions/ocsidbm on directory local/var/data/oflat/ocsipersist.
Nov 20 15:30:17: ocsigen:ocsipersist:dbm: ...Initialization complete
Nov 20 15:30:17: ocsigen:config: While parsing config file, tag <host>: No defaulthostname, assuming it is "mbp-de-rita.lan"
Nov 21 10:57:59: ocsigen:ocsipersist:dbm: Initializing ...
Nov 21 10:58:01: ocsigen:ocsipersist:dbm: Launching a new Ocsidbm process: /Users/rita/.opam/4.07.1/lib/ocsigenserver/extensions/ocsidbm on directory local/var/data/oflat/ocsipersist.
Nov 21 10:58:01: ocsigen:ocsipersist:dbm: ...Initialization complete
Nov 21 10:58:01: ocsigen:config: While parsing config file, tag <host>: No defaulthostname, assuming it is "10-22-204-196.ed2.openfct.fct.unl.pt"
Nov 21 12:08:46: ocsigen:ocsipersist:dbm: Initializing ...
Nov 21 12:08:48: ocsigen:ocsipersist:dbm: Launching a new Ocsidbm process: /Users/rita/.opam/4.07.1/lib/ocsigenserver/extensions/ocsidbm on directory local/var/data/oflat/ocsipersist.
Nov 21 12:08:48: ocsigen:ocsipersist:dbm: ...Initialization complete
Nov 21 12:08:48: ocsigen:config: While parsing config file, tag <host>: No defaulthostname, assuming it is "10-22-204-196.ed2.openfct.fct.unl.pt"
Nov 21 12:09:16: ocsigen:ocsipersist:dbm: Initializing ...
Nov 21 12:09:18: ocsigen:ocsipersist:dbm: Launching a new Ocsidbm process: /Users/rita/.opam/4.07.1/lib/ocsigenserver/extensions/ocsidbm on directory local/var/data/oflat/ocsipersist.
Nov 21 12:09:18: ocsigen:ocsipersist:dbm: ...Initialization complete
Nov 21 12:09:18: ocsigen:config: While parsing config file, tag <host>: No defaulthostname, assuming it is "10-22-204-196.ed2.openfct.fct.unl.pt"
Nov 25 10:35:39: ocsigen:ocsipersist:dbm: Initializing ...
Nov 25 10:35:41: ocsigen:ocsipersist:dbm: Launching a new Ocsidbm process: /Users/rita/.opam/4.07.1/lib/ocsigenserver/extensions/ocsidbm on directory local/var/data/oflat/ocsipersist.
Nov 25 10:35:41: ocsigen:ocsipersist:dbm: ...Initialization complete
Nov 25 10:35:41: ocsigen:config: While parsing config file, tag <host>: No defaulthostname, assuming it is "10-22-205-174.ed2.openfct.fct.unl.pt"
Nov 25 11:43:50: ocsigen:ocsipersist:dbm: Initializing ...
Nov 25 11:43:52: ocsigen:ocsipersist:dbm: Launching a new Ocsidbm process: /Users/rita/.opam/4.07.1/lib/ocsigenserver/extensions/ocsidbm on directory local/var/data/oflat/ocsipersist.
Nov 25 11:43:52: ocsigen:ocsipersist:dbm: ...Initialization complete
Nov 25 11:43:52: ocsigen:config: While parsing config file, tag <host>: No defaulthostname, assuming it is "10-22-205-174.ed2.openfct.fct.unl.pt"
Nov 25 12:05:07: ocsigen:ocsipersist:dbm: Initializing ...
Nov 25 12:05:09: ocsigen:ocsipersist:dbm: Launching a new Ocsidbm process: /Users/rita/.opam/4.07.1/lib/ocsigenserver/extensions/ocsidbm on directory local/var/data/oflat/ocsipersist.
Nov 25 12:05:09: ocsigen:ocsipersist:dbm: ...Initialization complete
Nov 25 12:05:09: ocsigen:config: While parsing config file, tag <host>: No defaulthostname, assuming it is "10-22-205-174.ed2.openfct.fct.unl.pt"
Nov 25 12:07:33: ocsigen:ocsipersist:dbm: Initializing ...
Nov 25 12:07:34: ocsigen:ocsipersist:dbm: Launching a new Ocsidbm process: /Users/rita/.opam/4.07.1/lib/ocsigenserver/extensions/ocsidbm on directory local/var/data/oflat/ocsipersist.
Nov 25 12:07:34: ocsigen:ocsipersist:dbm: ...Initialization complete
Nov 25 12:07:34: ocsigen:config: While parsing config file, tag <host>: No defaulthostname, assuming it is "10-22-205-174.ed2.openfct.fct.unl.pt"
Nov 25 12:07:57: ocsigen:ocsipersist:dbm: Initializing ...
Nov 25 12:07:59: ocsigen:ocsipersist:dbm: Launching a new Ocsidbm process: /Users/rita/.opam/4.07.1/lib/ocsigenserver/extensions/ocsidbm on directory local/var/data/oflat/ocsipersist.
Nov 25 12:07:59: ocsigen:ocsipersist:dbm: ...Initialization complete
Nov 25 12:07:59: ocsigen:config: While parsing config file, tag <host>: No defaulthostname, assuming it is "10-22-205-174.ed2.openfct.fct.unl.pt"
Nov 25 12:10:51: ocsigen:ocsipersist:dbm: Initializing ...
Nov 25 12:10:52: ocsigen:ocsipersist:dbm: Launching a new Ocsidbm process: /Users/rita/.opam/4.07.1/lib/ocsigenserver/extensions/ocsidbm on directory local/var/data/oflat/ocsipersist.
Nov 25 12:10:52: ocsigen:ocsipersist:dbm: ...Initialization complete
Nov 25 12:10:52: ocsigen:config: While parsing config file, tag <host>: No defaulthostname, assuming it is "10-22-205-174.ed2.openfct.fct.unl.pt"
Nov 25 12:11:37: ocsigen:ocsipersist:dbm: Initializing ...
Nov 25 12:11:38: ocsigen:ocsipersist:dbm: Launching a new Ocsidbm process: /Users/rita/.opam/4.07.1/lib/ocsigenserver/extensions/ocsidbm on directory local/var/data/oflat/ocsipersist.
Nov 25 12:11:38: ocsigen:ocsipersist:dbm: ...Initialization complete
Nov 25 12:11:38: ocsigen:config: While parsing config file, tag <host>: No defaulthostname, assuming it is "10-22-205-174.ed2.openfct.fct.unl.pt"
Nov 25 12:17:05: ocsigen:ocsipersist:dbm: Initializing ...
Nov 25 12:17:07: ocsigen:ocsipersist:dbm: Launching a new Ocsidbm process: /Users/rita/.opam/4.07.1/lib/ocsigenserver/extensions/ocsidbm on directory local/var/data/oflat/ocsipersist.
Nov 25 12:17:07: ocsigen:ocsipersist:dbm: ...Initialization complete
Nov 25 12:17:07: ocsigen:config: While parsing config file, tag <host>: No defaulthostname, assuming it is "10-22-205-174.ed2.openfct.fct.unl.pt"
Nov 25 12:18:08: ocsigen:ocsipersist:dbm: Initializing ...
Nov 25 12:18:09: ocsigen:ocsipersist:dbm: Launching a new Ocsidbm process: /Users/rita/.opam/4.07.1/lib/ocsigenserver/extensions/ocsidbm on directory local/var/data/oflat/ocsipersist.
Nov 25 12:18:09: ocsigen:ocsipersist:dbm: ...Initialization complete
Nov 25 12:18:09: ocsigen:config: While parsing config file, tag <host>: No defaulthostname, assuming it is "10-22-205-174.ed2.openfct.fct.unl.pt"
Nov 25 12:27:36: ocsigen:ocsipersist:dbm: Initializing ...
Nov 25 12:27:38: ocsigen:ocsipersist:dbm: Launching a new Ocsidbm process: /Users/rita/.opam/4.07.1/lib/ocsigenserver/extensions/ocsidbm on directory local/var/data/oflat/ocsipersist.
Nov 25 12:27:38: ocsigen:ocsipersist:dbm: ...Initialization complete
Nov 25 12:27:38: ocsigen:config: While parsing config file, tag <host>: No defaulthostname, assuming it is "10-22-205-174.ed2.openfct.fct.unl.pt"
Nov 25 12:28:23: ocsigen:ocsipersist:dbm: Initializing ...
Nov 25 12:28:24: ocsigen:ocsipersist:dbm: Launching a new Ocsidbm process: /Users/rita/.opam/4.07.1/lib/ocsigenserver/extensions/ocsidbm on directory local/var/data/oflat/ocsipersist.
Nov 25 12:28:24: ocsigen:ocsipersist:dbm: ...Initialization complete
Nov 25 12:28:24: ocsigen:config: While parsing config file, tag <host>: No defaulthostname, assuming it is "10-22-205-174.ed2.openfct.fct.unl.pt"
Nov 25 12:32:59: ocsigen:ocsipersist:dbm: Initializing ...
Nov 25 12:33:01: ocsigen:ocsipersist:dbm: Launching a new Ocsidbm process: /Users/rita/.opam/4.07.1/lib/ocsigenserver/extensions/ocsidbm on directory local/var/data/oflat/ocsipersist.
Nov 25 12:33:01: ocsigen:ocsipersist:dbm: ...Initialization complete
Nov 25 12:33:01: ocsigen:config: While parsing config file, tag <host>: No defaulthostname, assuming it is "10-22-205-174.ed2.openfct.fct.unl.pt"
Nov 25 12:42:57: ocsigen:ocsipersist:dbm: Initializing ...
Nov 25 12:42:58: ocsigen:ocsipersist:dbm: Launching a new Ocsidbm process: /Users/rita/.opam/4.07.1/lib/ocsigenserver/extensions/ocsidbm on directory local/var/data/oflat/ocsipersist.
Nov 25 12:42:58: ocsigen:ocsipersist:dbm: ...Initialization complete
Nov 25 12:42:58: ocsigen:config: While parsing config file, tag <host>: No defaulthostname, assuming it is "10-22-205-174.ed2.openfct.fct.unl.pt"
Nov 27 16:46:05: ocsigen:ocsipersist:dbm: Initializing ...
Nov 27 16:46:06: ocsigen:ocsipersist:dbm: Launching a new Ocsidbm process: /Users/rita/.opam/4.07.1/lib/ocsigenserver/extensions/ocsidbm on directory local/var/data/oflat/ocsipersist.
Nov 27 16:46:06: ocsigen:ocsipersist:dbm: ...Initialization complete
Nov 27 16:46:06: ocsigen:config: While parsing config file, tag <host>: No defaulthostname, assuming it is "mbp-de-rita.lan"
Nov 27 16:47:57: ocsigen:ocsipersist:dbm: Initializing ...
Nov 27 16:47:59: ocsigen:ocsipersist:dbm: Launching a new Ocsidbm process: /Users/rita/.opam/4.07.1/lib/ocsigenserver/extensions/ocsidbm on directory local/var/data/oflat/ocsipersist.
Nov 27 16:47:59: ocsigen:ocsipersist:dbm: ...Initialization complete
Nov 27 16:47:59: ocsigen:config: While parsing config file, tag <host>: No defaulthostname, assuming it is "mbp-de-rita.lan"
Nov 27 16:50:46: ocsigen:ocsipersist:dbm: Initializing ...
Nov 27 16:50:47: ocsigen:ocsipersist:dbm: Launching a new Ocsidbm process: /Users/rita/.opam/4.07.1/lib/ocsigenserver/extensions/ocsidbm on directory local/var/data/oflat/ocsipersist.
Nov 27 16:50:47: ocsigen:ocsipersist:dbm: ...Initialization complete
Nov 27 16:50:47: ocsigen:config: While parsing config file, tag <host>: No defaulthostname, assuming it is "mbp-de-rita.lan"
Nov 27 16:58:08: ocsigen:ocsipersist:dbm: Initializing ...
Nov 27 16:58:10: ocsigen:ocsipersist:dbm: Launching a new Ocsidbm process: /Users/rita/.opam/4.07.1/lib/ocsigenserver/extensions/ocsidbm on directory local/var/data/oflat/ocsipersist.
Nov 27 16:58:10: ocsigen:ocsipersist:dbm: ...Initialization complete
Nov 27 16:58:10: ocsigen:config: While parsing config file, tag <host>: No defaulthostname, assuming it is "mbp-de-rita.lan"
Nov 27 17:01:27: ocsigen:ocsipersist:dbm: Initializing ...
Nov 27 17:01:28: ocsigen:ocsipersist:dbm: Launching a new Ocsidbm process: /Users/rita/.opam/4.07.1/lib/ocsigenserver/extensions/ocsidbm on directory local/var/data/oflat/ocsipersist.
Nov 27 17:01:28: ocsigen:ocsipersist:dbm: ...Initialization complete
Nov 27 17:01:28: ocsigen:config: While parsing config file, tag <host>: No defaulthostname, assuming it is "mbp-de-rita.lan"
Nov 28 11:11:42: ocsigen:ocsipersist:dbm: Initializing ...
Nov 28 11:11:44: ocsigen:ocsipersist:dbm: Launching a new Ocsidbm process: /Users/rita/.opam/4.07.1/lib/ocsigenserver/extensions/ocsidbm on directory local/var/data/oflat/ocsipersist.
Nov 28 11:11:44: ocsigen:ocsipersist:dbm: ...Initialization complete
Nov 28 11:11:44: ocsigen:config: While parsing config file, tag <host>: No defaulthostname, assuming it is "10-22-206-109.ed2.openfct.fct.unl.pt"
Dec  2 12:11:46: ocsigen:ocsipersist:dbm: Initializing ...
Dec  2 12:11:48: ocsigen:ocsipersist:dbm: Launching a new Ocsidbm process: /Users/rita/.opam/4.07.1/lib/ocsigenserver/extensions/ocsidbm on directory local/var/data/oflat/ocsipersist.
Dec  2 12:11:48: ocsigen:ocsipersist:dbm: ...Initialization complete
Dec  2 12:11:48: ocsigen:config: While parsing config file, tag <host>: No defaulthostname, assuming it is "10-22-207-224.ed2.openfct.fct.unl.pt"
Dec  4 21:43:44: ocsigen:ocsipersist:dbm: Initializing ...
Dec  4 21:43:45: ocsigen:ocsipersist:dbm: Launching a new Ocsidbm process: /Users/rita/.opam/4.07.1/lib/ocsigenserver/extensions/ocsidbm on directory local/var/data/oflat/ocsipersist.
Dec  4 21:43:45: ocsigen:ocsipersist:dbm: ...Initialization complete
Dec  4 21:43:45: ocsigen:config: While parsing config file, tag <host>: No defaulthostname, assuming it is "mbp-de-rita.lan"
Dec  4 21:43:51: ocsigen:main: While talking to ::1:connection abruptly closed by peer
Dec  4 21:43:52: main: Unexpected exception in Server.wait_connection (handle connection): Invalid_argument("Lwt.wakeup")
Dec  4 21:43:52: main: Unexpected exception in Server.wait_connection (handle connection): Invalid_argument("Lwt.wakeup")
Dec  4 21:48:46: ocsigen:ocsipersist:dbm: Initializing ...
Dec  4 21:48:48: ocsigen:ocsipersist:dbm: Launching a new Ocsidbm process: /Users/rita/.opam/4.07.1/lib/ocsigenserver/extensions/ocsidbm on directory local/var/data/oflat/ocsipersist.
Dec  4 21:48:48: ocsigen:ocsipersist:dbm: ...Initialization complete
Dec  4 21:48:48: ocsigen:config: While parsing config file, tag <host>: No defaulthostname, assuming it is "mbp-de-rita.lan"
Dec  4 21:50:01: ocsigen:ocsipersist:dbm: Initializing ...
Dec  4 21:50:02: ocsigen:ocsipersist:dbm: Launching a new Ocsidbm process: /Users/rita/.opam/4.07.1/lib/ocsigenserver/extensions/ocsidbm on directory local/var/data/oflat/ocsipersist.
Dec  4 21:50:02: ocsigen:ocsipersist:dbm: ...Initialization complete
Dec  4 21:50:02: ocsigen:config: While parsing config file, tag <host>: No defaulthostname, assuming it is "mbp-de-rita.lan"
Dec  4 21:57:36: ocsigen:ocsipersist:dbm: Initializing ...
Dec  4 21:57:37: ocsigen:ocsipersist:dbm: Launching a new Ocsidbm process: /Users/rita/.opam/4.07.1/lib/ocsigenserver/extensions/ocsidbm on directory local/var/data/oflat/ocsipersist.
Dec  4 21:57:37: ocsigen:ocsipersist:dbm: ...Initialization complete
Dec  4 21:57:37: ocsigen:config: While parsing config file, tag <host>: No defaulthostname, assuming it is "mbp-de-rita.lan"
Dec  4 22:01:13: ocsigen:ocsipersist:dbm: Initializing ...
Dec  4 22:01:14: ocsigen:ocsipersist:dbm: Launching a new Ocsidbm process: /Users/rita/.opam/4.07.1/lib/ocsigenserver/extensions/ocsidbm on directory local/var/data/oflat/ocsipersist.
Dec  4 22:01:14: ocsigen:ocsipersist:dbm: ...Initialization complete
Dec  4 22:01:14: ocsigen:config: While parsing config file, tag <host>: No defaulthostname, assuming it is "mbp-de-rita.lan"
Dec  4 22:05:49: ocsigen:ocsipersist:dbm: Initializing ...
Dec  4 22:05:50: ocsigen:ocsipersist:dbm: Launching a new Ocsidbm process: /Users/rita/.opam/4.07.1/lib/ocsigenserver/extensions/ocsidbm on directory local/var/data/oflat/ocsipersist.
Dec  4 22:05:50: ocsigen:ocsipersist:dbm: ...Initialization complete
Dec  4 22:05:50: ocsigen:config: While parsing config file, tag <host>: No defaulthostname, assuming it is "mbp-de-rita.lan"
Dec  4 22:07:24: ocsigen:ocsipersist:dbm: Initializing ...
Dec  4 22:07:26: ocsigen:ocsipersist:dbm: Launching a new Ocsidbm process: /Users/rita/.opam/4.07.1/lib/ocsigenserver/extensions/ocsidbm on directory local/var/data/oflat/ocsipersist.
Dec  4 22:07:26: ocsigen:ocsipersist:dbm: ...Initialization complete
Dec  4 22:07:26: ocsigen:config: While parsing config file, tag <host>: No defaulthostname, assuming it is "mbp-de-rita.lan"
Dec  4 22:08:40: ocsigen:ocsipersist:dbm: Initializing ...
Dec  4 22:08:41: ocsigen:ocsipersist:dbm: Launching a new Ocsidbm process: /Users/rita/.opam/4.07.1/lib/ocsigenserver/extensions/ocsidbm on directory local/var/data/oflat/ocsipersist.
Dec  4 22:08:41: ocsigen:ocsipersist:dbm: ...Initialization complete
Dec  4 22:08:41: ocsigen:config: While parsing config file, tag <host>: No defaulthostname, assuming it is "mbp-de-rita.lan"
Dec  4 22:20:50: ocsigen:ocsipersist:dbm: Initializing ...
Dec  4 22:20:52: ocsigen:ocsipersist:dbm: Launching a new Ocsidbm process: /Users/rita/.opam/4.07.1/lib/ocsigenserver/extensions/ocsidbm on directory local/var/data/oflat/ocsipersist.
Dec  4 22:20:52: ocsigen:ocsipersist:dbm: ...Initialization complete
Dec  4 22:20:52: ocsigen:config: While parsing config file, tag <host>: No defaulthostname, assuming it is "mbp-de-rita.lan"
Dec  4 22:25:58: ocsigen:ocsipersist:dbm: Initializing ...
Dec  4 22:26:00: ocsigen:ocsipersist:dbm: Launching a new Ocsidbm process: /Users/rita/.opam/4.07.1/lib/ocsigenserver/extensions/ocsidbm on directory local/var/data/oflat/ocsipersist.
Dec  4 22:26:00: ocsigen:ocsipersist:dbm: ...Initialization complete
Dec  4 22:26:00: ocsigen:config: While parsing config file, tag <host>: No defaulthostname, assuming it is "mbp-de-rita.lan"
Dec  4 22:27:36: ocsigen:ocsipersist:dbm: Initializing ...
Dec  4 22:27:38: ocsigen:ocsipersist:dbm: Launching a new Ocsidbm process: /Users/rita/.opam/4.07.1/lib/ocsigenserver/extensions/ocsidbm on directory local/var/data/oflat/ocsipersist.
Dec  4 22:27:38: ocsigen:ocsipersist:dbm: ...Initialization complete
Dec  4 22:27:38: ocsigen:config: While parsing config file, tag <host>: No defaulthostname, assuming it is "mbp-de-rita.lan"
Dec  4 22:30:22: ocsigen:ocsipersist:dbm: Initializing ...
Dec  4 22:30:23: ocsigen:ocsipersist:dbm: Launching a new Ocsidbm process: /Users/rita/.opam/4.07.1/lib/ocsigenserver/extensions/ocsidbm on directory local/var/data/oflat/ocsipersist.
Dec  4 22:30:23: ocsigen:ocsipersist:dbm: ...Initialization complete
Dec  4 22:30:23: ocsigen:config: While parsing config file, tag <host>: No defaulthostname, assuming it is "mbp-de-rita.lan"
Dec  4 22:31:29: ocsigen:ocsipersist:dbm: Initializing ...
Dec  4 22:31:31: ocsigen:ocsipersist:dbm: Launching a new Ocsidbm process: /Users/rita/.opam/4.07.1/lib/ocsigenserver/extensions/ocsidbm on directory local/var/data/oflat/ocsipersist.
Dec  4 22:31:31: ocsigen:ocsipersist:dbm: ...Initialization complete
Dec  4 22:31:31: ocsigen:config: While parsing config file, tag <host>: No defaulthostname, assuming it is "mbp-de-rita.lan"
Dec  5 10:21:27: ocsigen:ocsipersist:dbm: Initializing ...
Dec  5 10:21:28: ocsigen:ocsipersist:dbm: Launching a new Ocsidbm process: /Users/rita/.opam/4.07.1/lib/ocsigenserver/extensions/ocsidbm on directory local/var/data/oflat/ocsipersist.
Dec  5 10:21:28: ocsigen:ocsipersist:dbm: ...Initialization complete
Dec  5 10:21:28: ocsigen:config: While parsing config file, tag <host>: No defaulthostname, assuming it is "10-22-205-4.ed2.openfct.fct.unl.pt"
Dec  5 10:25:31: ocsigen:ocsipersist:dbm: Initializing ...
Dec  5 10:25:32: ocsigen:ocsipersist:dbm: Launching a new Ocsidbm process: /Users/rita/.opam/4.07.1/lib/ocsigenserver/extensions/ocsidbm on directory local/var/data/oflat/ocsipersist.
Dec  5 10:25:32: ocsigen:ocsipersist:dbm: ...Initialization complete
Dec  5 10:25:32: ocsigen:config: While parsing config file, tag <host>: No defaulthostname, assuming it is "10-22-205-4.ed2.openfct.fct.unl.pt"
Dec  5 11:21:56: ocsigen:ocsipersist:dbm: Initializing ...
Dec  5 11:21:57: ocsigen:ocsipersist:dbm: Launching a new Ocsidbm process: /Users/rita/.opam/4.07.1/lib/ocsigenserver/extensions/ocsidbm on directory local/var/data/oflat/ocsipersist.
Dec  5 11:21:57: ocsigen:ocsipersist:dbm: ...Initialization complete
Dec  5 11:21:57: ocsigen:config: While parsing config file, tag <host>: No defaulthostname, assuming it is "10-22-107-90.ed2.eduroam.fct.unl.pt"
Dec  5 11:22:58: ocsigen:ocsipersist:dbm: Initializing ...
Dec  5 11:23:00: ocsigen:ocsipersist:dbm: Launching a new Ocsidbm process: /Users/rita/.opam/4.07.1/lib/ocsigenserver/extensions/ocsidbm on directory local/var/data/oflat/ocsipersist.
Dec  5 11:23:00: ocsigen:ocsipersist:dbm: ...Initialization complete
Dec  5 11:23:00: ocsigen:config: While parsing config file, tag <host>: No defaulthostname, assuming it is "10-22-107-90.ed2.eduroam.fct.unl.pt"
Dec  5 11:26:05: ocsigen:ocsipersist:dbm: Initializing ...
Dec  5 11:26:07: ocsigen:ocsipersist:dbm: Launching a new Ocsidbm process: /Users/rita/.opam/4.07.1/lib/ocsigenserver/extensions/ocsidbm on directory local/var/data/oflat/ocsipersist.
Dec  5 11:26:07: ocsigen:ocsipersist:dbm: ...Initialization complete
Dec  5 11:26:07: ocsigen:config: While parsing config file, tag <host>: No defaulthostname, assuming it is "10-22-107-90.ed2.eduroam.fct.unl.pt"
Dec  5 11:27:44: ocsigen:ocsipersist:dbm: Initializing ...
Dec  5 11:27:45: ocsigen:ocsipersist:dbm: Launching a new Ocsidbm process: /Users/rita/.opam/4.07.1/lib/ocsigenserver/extensions/ocsidbm on directory local/var/data/oflat/ocsipersist.
Dec  5 11:27:45: ocsigen:ocsipersist:dbm: ...Initialization complete
Dec  5 11:27:45: ocsigen:config: While parsing config file, tag <host>: No defaulthostname, assuming it is "10-22-107-90.ed2.eduroam.fct.unl.pt"
Dec  5 12:00:16: ocsigen:ocsipersist:dbm: Initializing ...
Dec  5 12:00:18: ocsigen:ocsipersist:dbm: Launching a new Ocsidbm process: /Users/rita/.opam/4.07.1/lib/ocsigenserver/extensions/ocsidbm on directory local/var/data/oflat/ocsipersist.
Dec  5 12:00:18: ocsigen:ocsipersist:dbm: ...Initialization complete
Dec  5 12:00:18: ocsigen:config: While parsing config file, tag <host>: No defaulthostname, assuming it is "10-22-107-90.ed2.eduroam.fct.unl.pt"
Dec  5 12:04:44: ocsigen:ocsipersist:dbm: Initializing ...
Dec  5 12:04:46: ocsigen:ocsipersist:dbm: Launching a new Ocsidbm process: /Users/rita/.opam/4.07.1/lib/ocsigenserver/extensions/ocsidbm on directory local/var/data/oflat/ocsipersist.
Dec  5 12:04:46: ocsigen:ocsipersist:dbm: ...Initialization complete
Dec  5 12:04:46: ocsigen:config: While parsing config file, tag <host>: No defaulthostname, assuming it is "10-22-107-90.ed2.eduroam.fct.unl.pt"
Dec  5 12:13:20: ocsigen:ocsipersist:dbm: Initializing ...
Dec  5 12:13:22: ocsigen:ocsipersist:dbm: Launching a new Ocsidbm process: /Users/rita/.opam/4.07.1/lib/ocsigenserver/extensions/ocsidbm on directory local/var/data/oflat/ocsipersist.
Dec  5 12:13:22: ocsigen:ocsipersist:dbm: ...Initialization complete
Dec  5 12:13:22: ocsigen:config: While parsing config file, tag <host>: No defaulthostname, assuming it is "10-22-107-90.ed2.eduroam.fct.unl.pt"
Dec  5 12:19:45: ocsigen:ocsipersist:dbm: Initializing ...
Dec  5 12:19:46: ocsigen:ocsipersist:dbm: Launching a new Ocsidbm process: /Users/rita/.opam/4.07.1/lib/ocsigenserver/extensions/ocsidbm on directory local/var/data/oflat/ocsipersist.
Dec  5 12:19:46: ocsigen:ocsipersist:dbm: ...Initialization complete
Dec  5 12:19:46: ocsigen:config: While parsing config file, tag <host>: No defaulthostname, assuming it is "10-22-107-90.ed2.eduroam.fct.unl.pt"
Dec  5 12:39:33: ocsigen:ocsipersist:dbm: Initializing ...
Dec  5 12:39:34: ocsigen:ocsipersist:dbm: Launching a new Ocsidbm process: /Users/rita/.opam/4.07.1/lib/ocsigenserver/extensions/ocsidbm on directory local/var/data/oflat/ocsipersist.
Dec  5 12:39:34: ocsigen:ocsipersist:dbm: ...Initialization complete
Dec  5 12:39:34: ocsigen:config: While parsing config file, tag <host>: No defaulthostname, assuming it is "10-22-107-90.ed2.eduroam.fct.unl.pt"
Dec  5 12:40:31: ocsigen:ocsipersist:dbm: Initializing ...
Dec  5 12:40:32: ocsigen:ocsipersist:dbm: Launching a new Ocsidbm process: /Users/rita/.opam/4.07.1/lib/ocsigenserver/extensions/ocsidbm on directory local/var/data/oflat/ocsipersist.
Dec  5 12:40:32: ocsigen:ocsipersist:dbm: ...Initialization complete
Dec  5 12:40:32: ocsigen:config: While parsing config file, tag <host>: No defaulthostname, assuming it is "10-22-107-90.ed2.eduroam.fct.unl.pt"
Dec  5 13:02:13: ocsigen:ocsipersist:dbm: Initializing ...
Dec  5 13:02:14: ocsigen:ocsipersist:dbm: Launching a new Ocsidbm process: /Users/rita/.opam/4.07.1/lib/ocsigenserver/extensions/ocsidbm on directory local/var/data/oflat/ocsipersist.
Dec  5 13:02:14: ocsigen:ocsipersist:dbm: ...Initialization complete
Dec  5 13:02:14: ocsigen:config: While parsing config file, tag <host>: No defaulthostname, assuming it is "10-22-205-4.ed2.openfct.fct.unl.pt"
Dec  5 13:02:40: ocsigen:ocsipersist:dbm: Initializing ...
Dec  5 13:02:42: ocsigen:ocsipersist:dbm: Launching a new Ocsidbm process: /Users/rita/.opam/4.07.1/lib/ocsigenserver/extensions/ocsidbm on directory local/var/data/oflat/ocsipersist.
Dec  5 13:02:42: ocsigen:ocsipersist:dbm: ...Initialization complete
Dec  5 13:02:42: ocsigen:config: While parsing config file, tag <host>: No defaulthostname, assuming it is "10-22-205-4.ed2.openfct.fct.unl.pt"
Dec  5 13:03:45: ocsigen:ocsipersist:dbm: Initializing ...
Dec  5 13:03:47: ocsigen:ocsipersist:dbm: Launching a new Ocsidbm process: /Users/rita/.opam/4.07.1/lib/ocsigenserver/extensions/ocsidbm on directory local/var/data/oflat/ocsipersist.
Dec  5 13:03:47: ocsigen:ocsipersist:dbm: ...Initialization complete
Dec  5 13:03:47: ocsigen:config: While parsing config file, tag <host>: No defaulthostname, assuming it is "10-22-205-4.ed2.openfct.fct.unl.pt"
Dec  5 13:07:53: ocsigen:ocsipersist:dbm: Initializing ...
Dec  5 13:07:54: ocsigen:ocsipersist:dbm: Launching a new Ocsidbm process: /Users/rita/.opam/4.07.1/lib/ocsigenserver/extensions/ocsidbm on directory local/var/data/oflat/ocsipersist.
Dec  5 13:07:54: ocsigen:ocsipersist:dbm: ...Initialization complete
Dec  5 13:07:54: ocsigen:config: While parsing config file, tag <host>: No defaulthostname, assuming it is "10-22-205-4.ed2.openfct.fct.unl.pt"
Dec  9 10:30:09: ocsigen:ocsipersist:dbm: Initializing ...
Dec  9 10:30:11: ocsigen:ocsipersist:dbm: Launching a new Ocsidbm process: /Users/rita/.opam/4.07.1/lib/ocsigenserver/extensions/ocsidbm on directory local/var/data/oflat/ocsipersist.
Dec  9 10:30:11: ocsigen:ocsipersist:dbm: ...Initialization complete
Dec  9 10:30:11: ocsigen:config: While parsing config file, tag <host>: No defaulthostname, assuming it is "10-22-205-156.ed2.openfct.fct.unl.pt"
Dec  9 10:48:14: ocsigen:ocsipersist:dbm: Initializing ...
Dec  9 10:48:15: ocsigen:ocsipersist:dbm: Launching a new Ocsidbm process: /Users/rita/.opam/4.07.1/lib/ocsigenserver/extensions/ocsidbm on directory local/var/data/oflat/ocsipersist.
Dec  9 10:48:15: ocsigen:ocsipersist:dbm: ...Initialization complete
Dec  9 10:48:15: ocsigen:config: While parsing config file, tag <host>: No defaulthostname, assuming it is "10-22-205-156.ed2.openfct.fct.unl.pt"
Dec  9 11:01:32: ocsigen:ocsipersist:dbm: Initializing ...
Dec  9 11:01:33: ocsigen:ocsipersist:dbm: Launching a new Ocsidbm process: /Users/rita/.opam/4.07.1/lib/ocsigenserver/extensions/ocsidbm on directory local/var/data/oflat/ocsipersist.
Dec  9 11:01:33: ocsigen:ocsipersist:dbm: ...Initialization complete
Dec  9 11:01:33: ocsigen:config: While parsing config file, tag <host>: No defaulthostname, assuming it is "10-22-205-156.ed2.openfct.fct.unl.pt"
Dec  9 11:01:35: ocsigen:main: While talking to 127.0.0.1:connection abruptly closed by peer
Dec  9 11:04:55: ocsigen:ocsipersist:dbm: Initializing ...
Dec  9 11:04:56: ocsigen:ocsipersist:dbm: Launching a new Ocsidbm process: /Users/rita/.opam/4.07.1/lib/ocsigenserver/extensions/ocsidbm on directory local/var/data/oflat/ocsipersist.
Dec  9 11:04:56: ocsigen:ocsipersist:dbm: ...Initialization complete
Dec  9 11:04:56: ocsigen:config: While parsing config file, tag <host>: No defaulthostname, assuming it is "10-22-205-156.ed2.openfct.fct.unl.pt"
Dec 15 18:05:13: ocsigen:ocsipersist:dbm: Initializing ...
Dec 15 18:05:15: ocsigen:ocsipersist:dbm: Launching a new Ocsidbm process: /Users/rita/.opam/4.07.1/lib/ocsigenserver/extensions/ocsidbm on directory local/var/data/oflat/ocsipersist.
Dec 15 18:05:15: ocsigen:ocsipersist:dbm: ...Initialization complete
Dec 15 18:05:15: ocsigen:config: While parsing config file, tag <host>: No defaulthostname, assuming it is "mbp-de-rita.lan"
Dec 15 18:06:57: ocsigen:ocsipersist:dbm: Initializing ...
Dec 15 18:06:59: ocsigen:ocsipersist:dbm: Launching a new Ocsidbm process: /Users/rita/.opam/4.07.1/lib/ocsigenserver/extensions/ocsidbm on directory local/var/data/oflat/ocsipersist.
Dec 15 18:06:59: ocsigen:ocsipersist:dbm: ...Initialization complete
Dec 15 18:06:59: ocsigen:config: While parsing config file, tag <host>: No defaulthostname, assuming it is "mbp-de-rita.lan"
Dec 15 18:11:29: ocsigen:ocsipersist:dbm: Initializing ...
Dec 15 18:11:31: ocsigen:ocsipersist:dbm: Launching a new Ocsidbm process: /Users/rita/.opam/4.07.1/lib/ocsigenserver/extensions/ocsidbm on directory local/var/data/oflat/ocsipersist.
Dec 15 18:11:31: ocsigen:ocsipersist:dbm: ...Initialization complete
Dec 15 18:11:31: ocsigen:config: While parsing config file, tag <host>: No defaulthostname, assuming it is "mbp-de-rita.lan"
Dec 15 18:11:47: ocsigen:ocsipersist:dbm: Initializing ...
Dec 15 18:11:48: ocsigen:ocsipersist:dbm: Launching a new Ocsidbm process: /Users/rita/.opam/4.07.1/lib/ocsigenserver/extensions/ocsidbm on directory local/var/data/oflat/ocsipersist.
Dec 15 18:11:48: ocsigen:ocsipersist:dbm: ...Initialization complete
Dec 15 18:11:48: ocsigen:config: While parsing config file, tag <host>: No defaulthostname, assuming it is "mbp-de-rita.lan"
Dec 15 18:17:40: ocsigen:ocsipersist:dbm: Initializing ...
Dec 15 18:17:41: ocsigen:ocsipersist:dbm: Launching a new Ocsidbm process: /Users/rita/.opam/4.07.1/lib/ocsigenserver/extensions/ocsidbm on directory local/var/data/oflat/ocsipersist.
Dec 15 18:17:41: ocsigen:ocsipersist:dbm: ...Initialization complete
Dec 15 18:17:41: ocsigen:config: While parsing config file, tag <host>: No defaulthostname, assuming it is "mbp-de-rita.lan"
Dec 15 18:24:00: ocsigen:ocsipersist:dbm: Initializing ...
Dec 15 18:24:01: ocsigen:ocsipersist:dbm: Launching a new Ocsidbm process: /Users/rita/.opam/4.07.1/lib/ocsigenserver/extensions/ocsidbm on directory local/var/data/oflat/ocsipersist.
Dec 15 18:24:01: ocsigen:ocsipersist:dbm: ...Initialization complete
Dec 15 18:24:01: ocsigen:config: While parsing config file, tag <host>: No defaulthostname, assuming it is "mbp-de-rita.lan"
Dec 15 18:28:07: ocsigen:ocsipersist:dbm: Initializing ...
Dec 15 18:28:08: ocsigen:ocsipersist:dbm: Launching a new Ocsidbm process: /Users/rita/.opam/4.07.1/lib/ocsigenserver/extensions/ocsidbm on directory local/var/data/oflat/ocsipersist.
Dec 15 18:28:08: ocsigen:ocsipersist:dbm: ...Initialization complete
Dec 15 18:28:08: ocsigen:config: While parsing config file, tag <host>: No defaulthostname, assuming it is "mbp-de-rita.lan"
Dec 15 18:29:08: ocsigen:ocsipersist:dbm: Initializing ...
Dec 15 18:29:10: ocsigen:ocsipersist:dbm: Launching a new Ocsidbm process: /Users/rita/.opam/4.07.1/lib/ocsigenserver/extensions/ocsidbm on directory local/var/data/oflat/ocsipersist.
Dec 15 18:29:10: ocsigen:ocsipersist:dbm: ...Initialization complete
Dec 15 18:29:10: ocsigen:config: While parsing config file, tag <host>: No defaulthostname, assuming it is "mbp-de-rita.lan"
Dec 16 10:56:00: ocsigen:ocsipersist:dbm: Initializing ...
Dec 16 10:56:01: ocsigen:ocsipersist:dbm: Launching a new Ocsidbm process: /Users/rita/.opam/4.07.1/lib/ocsigenserver/extensions/ocsidbm on directory local/var/data/oflat/ocsipersist.
Dec 16 10:56:01: ocsigen:ocsipersist:dbm: ...Initialization complete
Dec 16 10:56:01: ocsigen:config: While parsing config file, tag <host>: No defaulthostname, assuming it is "10-22-206-32.ed2.openfct.fct.unl.pt"
Dec 16 10:57:57: ocsigen:ocsipersist:dbm: Initializing ...
Dec 16 10:57:59: ocsigen:ocsipersist:dbm: Launching a new Ocsidbm process: /Users/rita/.opam/4.07.1/lib/ocsigenserver/extensions/ocsidbm on directory local/var/data/oflat/ocsipersist.
Dec 16 10:57:59: ocsigen:ocsipersist:dbm: ...Initialization complete
Dec 16 10:57:59: ocsigen:config: While parsing config file, tag <host>: No defaulthostname, assuming it is "10-22-206-32.ed2.openfct.fct.unl.pt"
Dec 16 11:01:30: ocsigen:ocsipersist:dbm: Initializing ...
Dec 16 11:01:31: ocsigen:ocsipersist:dbm: Launching a new Ocsidbm process: /Users/rita/.opam/4.07.1/lib/ocsigenserver/extensions/ocsidbm on directory local/var/data/oflat/ocsipersist.
Dec 16 11:01:31: ocsigen:ocsipersist:dbm: ...Initialization complete
Dec 16 11:01:31: ocsigen:config: While parsing config file, tag <host>: No defaulthostname, assuming it is "10-22-206-32.ed2.openfct.fct.unl.pt"
Dec 16 11:26:35: ocsigen:ocsipersist:dbm: Initializing ...
Dec 16 11:26:36: ocsigen:ocsipersist:dbm: Launching a new Ocsidbm process: /Users/rita/.opam/4.07.1/lib/ocsigenserver/extensions/ocsidbm on directory local/var/data/oflat/ocsipersist.
Dec 16 11:26:36: ocsigen:ocsipersist:dbm: ...Initialization complete
Dec 16 11:26:36: ocsigen:config: While parsing config file, tag <host>: No defaulthostname, assuming it is "10-22-206-32.ed2.openfct.fct.unl.pt"
Dec 16 12:08:05: ocsigen:ocsipersist:dbm: Initializing ...
Dec 16 12:08:06: ocsigen:ocsipersist:dbm: Launching a new Ocsidbm process: /Users/rita/.opam/4.07.1/lib/ocsigenserver/extensions/ocsidbm on directory local/var/data/oflat/ocsipersist.
Dec 16 12:08:06: ocsigen:ocsipersist:dbm: ...Initialization complete
Dec 16 12:08:06: ocsigen:config: While parsing config file, tag <host>: No defaulthostname, assuming it is "10-22-206-32.ed2.openfct.fct.unl.pt"
Dec 16 12:19:09: ocsigen:ocsipersist:dbm: Initializing ...
Dec 16 12:19:10: ocsigen:ocsipersist:dbm: Launching a new Ocsidbm process: /Users/rita/.opam/4.07.1/lib/ocsigenserver/extensions/ocsidbm on directory local/var/data/oflat/ocsipersist.
Dec 16 12:19:10: ocsigen:ocsipersist:dbm: ...Initialization complete
Dec 16 12:19:10: ocsigen:config: While parsing config file, tag <host>: No defaulthostname, assuming it is "10-22-206-32.ed2.openfct.fct.unl.pt"
Dec 16 12:23:07: ocsigen:ocsipersist:dbm: Initializing ...
Dec 16 12:23:08: ocsigen:ocsipersist:dbm: Launching a new Ocsidbm process: /Users/rita/.opam/4.07.1/lib/ocsigenserver/extensions/ocsidbm on directory local/var/data/oflat/ocsipersist.
Dec 16 12:23:08: ocsigen:ocsipersist:dbm: ...Initialization complete
Dec 16 12:23:08: ocsigen:config: While parsing config file, tag <host>: No defaulthostname, assuming it is "10-22-206-32.ed2.openfct.fct.unl.pt"
Dec 16 12:26:47: ocsigen:ocsipersist:dbm: Initializing ...
Dec 16 12:26:48: ocsigen:ocsipersist:dbm: Launching a new Ocsidbm process: /Users/rita/.opam/4.07.1/lib/ocsigenserver/extensions/ocsidbm on directory local/var/data/oflat/ocsipersist.
Dec 16 12:26:48: ocsigen:ocsipersist:dbm: ...Initialization complete
Dec 16 12:26:48: ocsigen:config: While parsing config file, tag <host>: No defaulthostname, assuming it is "10-22-206-32.ed2.openfct.fct.unl.pt"
Dec 16 12:35:02: ocsigen:ocsipersist:dbm: Initializing ...
Dec 16 12:35:04: ocsigen:ocsipersist:dbm: Launching a new Ocsidbm process: /Users/rita/.opam/4.07.1/lib/ocsigenserver/extensions/ocsidbm on directory local/var/data/oflat/ocsipersist.
Dec 16 12:35:04: ocsigen:ocsipersist:dbm: ...Initialization complete
Dec 16 12:35:04: ocsigen:config: While parsing config file, tag <host>: No defaulthostname, assuming it is "10-22-206-32.ed2.openfct.fct.unl.pt"
Dec 16 12:37:22: ocsigen:ocsipersist:dbm: Initializing ...
Dec 16 12:37:23: ocsigen:ocsipersist:dbm: Launching a new Ocsidbm process: /Users/rita/.opam/4.07.1/lib/ocsigenserver/extensions/ocsidbm on directory local/var/data/oflat/ocsipersist.
Dec 16 12:37:23: ocsigen:ocsipersist:dbm: ...Initialization complete
Dec 16 12:37:23: ocsigen:config: While parsing config file, tag <host>: No defaulthostname, assuming it is "10-22-206-32.ed2.openfct.fct.unl.pt"
Dec 16 12:52:35: ocsigen:ocsipersist:dbm: Initializing ...
Dec 16 12:52:36: ocsigen:ocsipersist:dbm: Launching a new Ocsidbm process: /Users/rita/.opam/4.07.1/lib/ocsigenserver/extensions/ocsidbm on directory local/var/data/oflat/ocsipersist.
Dec 16 12:52:36: ocsigen:ocsipersist:dbm: ...Initialization complete
Dec 16 12:52:36: ocsigen:config: While parsing config file, tag <host>: No defaulthostname, assuming it is "10-22-206-32.ed2.openfct.fct.unl.pt"
Dec 16 12:55:18: ocsigen:ocsipersist:dbm: Initializing ...
Dec 16 12:55:19: ocsigen:ocsipersist:dbm: Launching a new Ocsidbm process: /Users/rita/.opam/4.07.1/lib/ocsigenserver/extensions/ocsidbm on directory local/var/data/oflat/ocsipersist.
Dec 16 12:55:19: ocsigen:ocsipersist:dbm: ...Initialization complete
Dec 16 12:55:19: ocsigen:config: While parsing config file, tag <host>: No defaulthostname, assuming it is "10-22-206-32.ed2.openfct.fct.unl.pt"
Dec 16 12:57:13: ocsigen:ocsipersist:dbm: Initializing ...
Dec 16 12:57:15: ocsigen:ocsipersist:dbm: Launching a new Ocsidbm process: /Users/rita/.opam/4.07.1/lib/ocsigenserver/extensions/ocsidbm on directory local/var/data/oflat/ocsipersist.
Dec 16 12:57:15: ocsigen:ocsipersist:dbm: ...Initialization complete
Dec 16 12:57:15: ocsigen:config: While parsing config file, tag <host>: No defaulthostname, assuming it is "10-22-206-32.ed2.openfct.fct.unl.pt"
Dec 16 13:02:26: ocsigen:ocsipersist:dbm: Initializing ...
Dec 16 13:02:26: ocsigen:ocsipersist:dbm: Launching a new Ocsidbm process: /Users/rita/.opam/4.07.1/lib/ocsigenserver/extensions/ocsidbm on directory local/var/data/oflat/ocsipersist.
Dec 16 13:02:27: ocsigen:ocsipersist:dbm: ...Initialization complete
Dec 16 13:02:28: ocsigen:config: While parsing config file, tag <host>: No defaulthostname, assuming it is "10-22-206-32.ed2.openfct.fct.unl.pt"
Dec 16 13:04:11: ocsigen:ocsipersist:dbm: Initializing ...
Dec 16 13:04:13: ocsigen:ocsipersist:dbm: Launching a new Ocsidbm process: /Users/rita/.opam/4.07.1/lib/ocsigenserver/extensions/ocsidbm on directory local/var/data/oflat/ocsipersist.
Dec 16 13:04:13: ocsigen:ocsipersist:dbm: ...Initialization complete
Dec 16 13:04:13: ocsigen:config: While parsing config file, tag <host>: No defaulthostname, assuming it is "10-22-206-32.ed2.openfct.fct.unl.pt"
Dec 16 13:08:20: ocsigen:ocsipersist:dbm: Initializing ...
Dec 16 13:08:21: ocsigen:ocsipersist:dbm: Launching a new Ocsidbm process: /Users/rita/.opam/4.07.1/lib/ocsigenserver/extensions/ocsidbm on directory local/var/data/oflat/ocsipersist.
Dec 16 13:08:21: ocsigen:ocsipersist:dbm: ...Initialization complete
Dec 16 13:08:21: ocsigen:config: While parsing config file, tag <host>: No defaulthostname, assuming it is "10-22-206-32.ed2.openfct.fct.unl.pt"
Dec 16 13:09:40: ocsigen:ocsipersist:dbm: Initializing ...
Dec 16 13:09:42: ocsigen:ocsipersist:dbm: Launching a new Ocsidbm process: /Users/rita/.opam/4.07.1/lib/ocsigenserver/extensions/ocsidbm on directory local/var/data/oflat/ocsipersist.
Dec 16 13:09:42: ocsigen:ocsipersist:dbm: ...Initialization complete
Dec 16 13:09:42: ocsigen:config: While parsing config file, tag <host>: No defaulthostname, assuming it is "10-22-206-32.ed2.openfct.fct.unl.pt"
Dec 16 13:10:06: ocsigen:ocsipersist:dbm: Initializing ...
Dec 16 13:10:08: ocsigen:ocsipersist:dbm: Launching a new Ocsidbm process: /Users/rita/.opam/4.07.1/lib/ocsigenserver/extensions/ocsidbm on directory local/var/data/oflat/ocsipersist.
Dec 16 13:10:08: ocsigen:ocsipersist:dbm: ...Initialization complete
Dec 16 13:10:08: ocsigen:config: While parsing config file, tag <host>: No defaulthostname, assuming it is "10-22-206-32.ed2.openfct.fct.unl.pt"
Dec 16 13:11:42: ocsigen:ocsipersist:dbm: Initializing ...
Dec 16 13:11:43: ocsigen:ocsipersist:dbm: Launching a new Ocsidbm process: /Users/rita/.opam/4.07.1/lib/ocsigenserver/extensions/ocsidbm on directory local/var/data/oflat/ocsipersist.
Dec 16 13:11:43: ocsigen:ocsipersist:dbm: ...Initialization complete
Dec 16 13:11:43: ocsigen:config: While parsing config file, tag <host>: No defaulthostname, assuming it is "10-22-206-32.ed2.openfct.fct.unl.pt"
Dec 16 13:13:10: ocsigen:ocsipersist:dbm: Initializing ...
Dec 16 13:13:11: ocsigen:ocsipersist:dbm: Launching a new Ocsidbm process: /Users/rita/.opam/4.07.1/lib/ocsigenserver/extensions/ocsidbm on directory local/var/data/oflat/ocsipersist.
Dec 16 13:13:11: ocsigen:ocsipersist:dbm: ...Initialization complete
Dec 16 13:13:11: ocsigen:config: While parsing config file, tag <host>: No defaulthostname, assuming it is "10-22-206-32.ed2.openfct.fct.unl.pt"
Dec 16 13:16:11: ocsigen:ocsipersist:dbm: Initializing ...
Dec 16 13:16:13: ocsigen:ocsipersist:dbm: Launching a new Ocsidbm process: /Users/rita/.opam/4.07.1/lib/ocsigenserver/extensions/ocsidbm on directory local/var/data/oflat/ocsipersist.
Dec 16 13:16:13: ocsigen:ocsipersist:dbm: ...Initialization complete
Dec 16 13:16:13: ocsigen:config: While parsing config file, tag <host>: No defaulthostname, assuming it is "10-22-206-32.ed2.openfct.fct.unl.pt"
Dec 18 17:00:31: ocsigen:ocsipersist:dbm: Initializing ...
Dec 18 17:00:32: ocsigen:ocsipersist:dbm: Launching a new Ocsidbm process: /Users/rita/.opam/4.07.1/lib/ocsigenserver/extensions/ocsidbm on directory local/var/data/oflat/ocsipersist.
Dec 18 17:00:32: ocsigen:ocsipersist:dbm: ...Initialization complete
Dec 18 17:00:32: ocsigen:config: While parsing config file, tag <host>: No defaulthostname, assuming it is "mbp-de-rita.lan"
Dec 18 17:28:21: ocsigen:ocsipersist:dbm: Initializing ...
Dec 18 17:28:23: ocsigen:ocsipersist:dbm: Launching a new Ocsidbm process: /Users/rita/.opam/4.07.1/lib/ocsigenserver/extensions/ocsidbm on directory local/var/data/oflat/ocsipersist.
Dec 18 17:28:23: ocsigen:ocsipersist:dbm: ...Initialization complete
Dec 18 17:28:23: ocsigen:config: While parsing config file, tag <host>: No defaulthostname, assuming it is "mbp-de-rita.lan"
Dec 18 17:56:41: ocsigen:ocsipersist:dbm: Initializing ...
Dec 18 17:56:43: ocsigen:ocsipersist:dbm: Launching a new Ocsidbm process: /Users/rita/.opam/4.07.1/lib/ocsigenserver/extensions/ocsidbm on directory local/var/data/oflat/ocsipersist.
Dec 18 17:56:43: ocsigen:ocsipersist:dbm: ...Initialization complete
Dec 18 17:56:43: ocsigen:config: While parsing config file, tag <host>: No defaulthostname, assuming it is "mbp-de-rita.lan"
Dec 18 17:58:02: ocsigen:ocsipersist:dbm: Initializing ...
Dec 18 17:58:04: ocsigen:ocsipersist:dbm: Launching a new Ocsidbm process: /Users/rita/.opam/4.07.1/lib/ocsigenserver/extensions/ocsidbm on directory local/var/data/oflat/ocsipersist.
Dec 18 17:58:04: ocsigen:ocsipersist:dbm: ...Initialization complete
Dec 18 17:58:04: ocsigen:config: While parsing config file, tag <host>: No defaulthostname, assuming it is "mbp-de-rita.lan"
Dec 18 17:58:41: ocsigen:main: While talking to 127.0.0.1:connection abruptly closed by peer (Unix.Unix_error(Unix.EPIPE, "write", ""))
Dec 18 17:59:51: ocsigen:ocsipersist:dbm: Initializing ...
Dec 18 17:59:53: ocsigen:ocsipersist:dbm: Launching a new Ocsidbm process: /Users/rita/.opam/4.07.1/lib/ocsigenserver/extensions/ocsidbm on directory local/var/data/oflat/ocsipersist.
Dec 18 17:59:53: ocsigen:ocsipersist:dbm: ...Initialization complete
Dec 18 17:59:53: ocsigen:config: While parsing config file, tag <host>: No defaulthostname, assuming it is "mbp-de-rita.lan"
Dec 18 18:04:57: ocsigen:ocsipersist:dbm: Initializing ...
Dec 18 18:04:59: ocsigen:ocsipersist:dbm: Launching a new Ocsidbm process: /Users/rita/.opam/4.07.1/lib/ocsigenserver/extensions/ocsidbm on directory local/var/data/oflat/ocsipersist.
Dec 18 18:04:59: ocsigen:ocsipersist:dbm: ...Initialization complete
Dec 18 18:04:59: ocsigen:config: While parsing config file, tag <host>: No defaulthostname, assuming it is "mbp-de-rita.lan"
Dec 18 18:07:24: ocsigen:ocsipersist:dbm: Initializing ...
Dec 18 18:07:25: ocsigen:ocsipersist:dbm: Launching a new Ocsidbm process: /Users/rita/.opam/4.07.1/lib/ocsigenserver/extensions/ocsidbm on directory local/var/data/oflat/ocsipersist.
Dec 18 18:07:25: ocsigen:ocsipersist:dbm: ...Initialization complete
Dec 18 18:07:25: ocsigen:config: While parsing config file, tag <host>: No defaulthostname, assuming it is "mbp-de-rita.lan"
Dec 18 18:08:50: ocsigen:ocsipersist:dbm: Initializing ...
Dec 18 18:08:51: ocsigen:ocsipersist:dbm: Launching a new Ocsidbm process: /Users/rita/.opam/4.07.1/lib/ocsigenserver/extensions/ocsidbm on directory local/var/data/oflat/ocsipersist.
Dec 18 18:08:51: ocsigen:ocsipersist:dbm: ...Initialization complete
Dec 18 18:08:51: ocsigen:config: While parsing config file, tag <host>: No defaulthostname, assuming it is "mbp-de-rita.lan"
Dec 18 18:10:27: ocsigen:ocsipersist:dbm: Initializing ...
Dec 18 18:10:29: ocsigen:ocsipersist:dbm: Launching a new Ocsidbm process: /Users/rita/.opam/4.07.1/lib/ocsigenserver/extensions/ocsidbm on directory local/var/data/oflat/ocsipersist.
Dec 18 18:10:29: ocsigen:ocsipersist:dbm: ...Initialization complete
Dec 18 18:10:29: ocsigen:config: While parsing config file, tag <host>: No defaulthostname, assuming it is "mbp-de-rita.lan"
Dec 18 18:14:30: ocsigen:main: While talking to ::1:connection abruptly closed by peer
Dec 18 18:17:46: ocsigen:ocsipersist:dbm: Initializing ...
Dec 18 18:17:47: ocsigen:ocsipersist:dbm: Launching a new Ocsidbm process: /Users/rita/.opam/4.07.1/lib/ocsigenserver/extensions/ocsidbm on directory local/var/data/oflat/ocsipersist.
Dec 18 18:17:47: ocsigen:ocsipersist:dbm: ...Initialization complete
Dec 18 18:17:47: ocsigen:config: While parsing config file, tag <host>: No defaulthostname, assuming it is "mbp-de-rita.lan"
Dec 18 18:18:27: ocsigen:ocsipersist:dbm: Initializing ...
Dec 18 18:18:29: ocsigen:ocsipersist:dbm: Launching a new Ocsidbm process: /Users/rita/.opam/4.07.1/lib/ocsigenserver/extensions/ocsidbm on directory local/var/data/oflat/ocsipersist.
Dec 18 18:18:29: ocsigen:ocsipersist:dbm: ...Initialization complete
Dec 18 18:18:29: ocsigen:config: While parsing config file, tag <host>: No defaulthostname, assuming it is "mbp-de-rita.lan"
Dec 18 18:32:28: ocsigen:ocsipersist:dbm: Initializing ...
Dec 18 18:32:29: ocsigen:ocsipersist:dbm: Launching a new Ocsidbm process: /Users/rita/.opam/4.07.1/lib/ocsigenserver/extensions/ocsidbm on directory local/var/data/oflat/ocsipersist.
Dec 18 18:32:29: ocsigen:ocsipersist:dbm: ...Initialization complete
Dec 18 18:32:29: ocsigen:config: While parsing config file, tag <host>: No defaulthostname, assuming it is "mbp-de-rita.lan"
Dec 18 18:34:38: ocsigen:ocsipersist:dbm: Initializing ...
Dec 18 18:34:39: ocsigen:ocsipersist:dbm: Launching a new Ocsidbm process: /Users/rita/.opam/4.07.1/lib/ocsigenserver/extensions/ocsidbm on directory local/var/data/oflat/ocsipersist.
Dec 18 18:34:39: ocsigen:ocsipersist:dbm: ...Initialization complete
Dec 18 18:34:39: ocsigen:config: While parsing config file, tag <host>: No defaulthostname, assuming it is "mbp-de-rita.lan"
Dec 18 18:43:20: ocsigen:ocsipersist:dbm: Initializing ...
Dec 18 18:43:22: ocsigen:ocsipersist:dbm: Launching a new Ocsidbm process: /Users/rita/.opam/4.07.1/lib/ocsigenserver/extensions/ocsidbm on directory local/var/data/oflat/ocsipersist.
Dec 18 18:43:22: ocsigen:ocsipersist:dbm: ...Initialization complete
Dec 18 18:43:22: ocsigen:config: While parsing config file, tag <host>: No defaulthostname, assuming it is "mbp-de-rita.lan"
Dec 18 18:44:07: ocsigen:ocsipersist:dbm: Initializing ...
Dec 18 18:44:09: ocsigen:ocsipersist:dbm: Launching a new Ocsidbm process: /Users/rita/.opam/4.07.1/lib/ocsigenserver/extensions/ocsidbm on directory local/var/data/oflat/ocsipersist.
Dec 18 18:44:09: ocsigen:ocsipersist:dbm: ...Initialization complete
Dec 18 18:44:09: ocsigen:config: While parsing config file, tag <host>: No defaulthostname, assuming it is "mbp-de-rita.lan"
Dec 18 18:45:45: ocsigen:ocsipersist:dbm: Initializing ...
Dec 18 18:45:46: ocsigen:ocsipersist:dbm: Launching a new Ocsidbm process: /Users/rita/.opam/4.07.1/lib/ocsigenserver/extensions/ocsidbm on directory local/var/data/oflat/ocsipersist.
Dec 18 18:45:46: ocsigen:ocsipersist:dbm: ...Initialization complete
Dec 18 18:45:46: ocsigen:config: While parsing config file, tag <host>: No defaulthostname, assuming it is "mbp-de-rita.lan"
Dec 18 18:50:27: ocsigen:ocsipersist:dbm: Initializing ...
Dec 18 18:50:29: ocsigen:ocsipersist:dbm: Launching a new Ocsidbm process: /Users/rita/.opam/4.07.1/lib/ocsigenserver/extensions/ocsidbm on directory local/var/data/oflat/ocsipersist.
Dec 18 18:50:29: ocsigen:ocsipersist:dbm: ...Initialization complete
Dec 18 18:50:29: ocsigen:config: While parsing config file, tag <host>: No defaulthostname, assuming it is "mbp-de-rita.lan"
Dec 18 18:51:12: ocsigen:ocsipersist:dbm: Initializing ...
Dec 18 18:51:13: ocsigen:ocsipersist:dbm: Launching a new Ocsidbm process: /Users/rita/.opam/4.07.1/lib/ocsigenserver/extensions/ocsidbm on directory local/var/data/oflat/ocsipersist.
Dec 18 18:51:13: ocsigen:ocsipersist:dbm: ...Initialization complete
Dec 18 18:51:13: ocsigen:config: While parsing config file, tag <host>: No defaulthostname, assuming it is "mbp-de-rita.lan"
Dec 18 18:51:49: ocsigen:ocsipersist:dbm: Initializing ...
Dec 18 18:51:51: ocsigen:ocsipersist:dbm: Launching a new Ocsidbm process: /Users/rita/.opam/4.07.1/lib/ocsigenserver/extensions/ocsidbm on directory local/var/data/oflat/ocsipersist.
Dec 18 18:51:51: ocsigen:ocsipersist:dbm: ...Initialization complete
Dec 18 18:51:51: ocsigen:config: While parsing config file, tag <host>: No defaulthostname, assuming it is "mbp-de-rita.lan"
Dec 18 18:52:49: ocsigen:ocsipersist:dbm: Initializing ...
Dec 18 18:52:50: ocsigen:ocsipersist:dbm: Launching a new Ocsidbm process: /Users/rita/.opam/4.07.1/lib/ocsigenserver/extensions/ocsidbm on directory local/var/data/oflat/ocsipersist.
Dec 18 18:52:50: ocsigen:ocsipersist:dbm: ...Initialization complete
Dec 18 18:52:50: ocsigen:config: While parsing config file, tag <host>: No defaulthostname, assuming it is "mbp-de-rita.lan"
Dec 18 18:55:29: ocsigen:ocsipersist:dbm: Initializing ...
Dec 18 18:55:30: ocsigen:ocsipersist:dbm: Launching a new Ocsidbm process: /Users/rita/.opam/4.07.1/lib/ocsigenserver/extensions/ocsidbm on directory local/var/data/oflat/ocsipersist.
Dec 18 18:55:30: ocsigen:ocsipersist:dbm: ...Initialization complete
Dec 18 18:55:30: ocsigen:config: While parsing config file, tag <host>: No defaulthostname, assuming it is "mbp-de-rita.lan"
Dec 18 18:57:17: ocsigen:ocsipersist:dbm: Initializing ...
Dec 18 18:57:18: ocsigen:ocsipersist:dbm: Launching a new Ocsidbm process: /Users/rita/.opam/4.07.1/lib/ocsigenserver/extensions/ocsidbm on directory local/var/data/oflat/ocsipersist.
Dec 18 18:57:18: ocsigen:ocsipersist:dbm: ...Initialization complete
Dec 18 18:57:18: ocsigen:config: While parsing config file, tag <host>: No defaulthostname, assuming it is "mbp-de-rita.lan"
Dec 18 18:58:56: ocsigen:ocsipersist:dbm: Initializing ...
Dec 18 18:58:58: ocsigen:ocsipersist:dbm: Launching a new Ocsidbm process: /Users/rita/.opam/4.07.1/lib/ocsigenserver/extensions/ocsidbm on directory local/var/data/oflat/ocsipersist.
Dec 18 18:58:58: ocsigen:ocsipersist:dbm: ...Initialization complete
Dec 18 18:58:58: ocsigen:config: While parsing config file, tag <host>: No defaulthostname, assuming it is "mbp-de-rita.lan"
Dec 18 19:05:32: ocsigen:ocsipersist:dbm: Initializing ...
Dec 18 19:05:33: ocsigen:ocsipersist:dbm: Launching a new Ocsidbm process: /Users/rita/.opam/4.07.1/lib/ocsigenserver/extensions/ocsidbm on directory local/var/data/oflat/ocsipersist.
Dec 18 19:05:33: ocsigen:ocsipersist:dbm: ...Initialization complete
Dec 18 19:05:33: ocsigen:config: While parsing config file, tag <host>: No defaulthostname, assuming it is "mbp-de-rita.lan"
